2025-12-05 07:21:20 +0000 - dagster - DEBUG - mag7_intel_daily_job - f11dc863-9808-4f6d-8fe7-91698d9cb0d0 - 9193 - LOGS_CAPTURED - Started capturing logs in process (pid: 9193).
2025-12-05 07:21:20 +0000 - dagster - DEBUG - mag7_intel_daily_job - f11dc863-9808-4f6d-8fe7-91698d9cb0d0 - 9193 - int_stock_prices_enrich - STEP_START - Started execution of step "int_stock_prices_enrich".
2025-12-05 07:21:20 +0000 - dagster - INFO - mag7_intel_daily_job - f11dc863-9808-4f6d-8fe7-91698d9cb0d0 - int_stock_prices_enrich - Running dbt: int_stock_prices_ta, int_index_benchmark_join
2025-12-05 07:21:59 +0000 - dagster - INFO - mag7_intel_daily_job - f11dc863-9808-4f6d-8fe7-91698d9cb0d0 - int_stock_prices_enrich - [0m07:21:23  Running with dbt=1.10.15
[0m07:21:28  Registered adapter: bigquery=1.10.3
[0m07:21:30  [[33mWARNING[0m]: Configuration paths exist in your dbt_project.yml file which do not apply to any resources.
There are 1 unused configuration paths:
- models.mag7_intel.example
[0m07:21:30  Found 8 models, 2 seeds, 15 data tests, 10 sources, 520 macros
[0m07:21:30  
[0m07:21:30  Concurrency: 4 threads (target='dev')
[0m07:21:30  
[0m07:21:31  1 of 2 START sql table model mag7_intel_intermediate.stock_prices_mag7_ta ...... [RUN]
[0m07:21:51  1 of 2 OK created sql table model mag7_intel_intermediate.stock_prices_mag7_ta . [[32mCREATE TABLE (10.4k rows, 996.2 KiB processed)[0m in 20.07s]
[0m07:21:51  2 of 2 START sql view model mag7_intel_intermediate.index_benchmark_join ....... [RUN]
[0m07:21:53  2 of 2 OK created sql view model mag7_intel_intermediate.index_benchmark_join .. [[32mCREATE VIEW (0 processed)[0m in 1.24s]
[0m07:21:53  
[0m07:21:53  Finished running 1 table model, 1 view model in 0 hours 0 minutes and 22.52 seconds (22.52s).
[0m07:21:53  
[0m07:21:53  [32mCompleted successfully[0m
[0m07:21:53  
[0m07:21:53  Done. PASS=2 WARN=0 ERROR=0 SKIP=0 NO-OP=0 TOTAL=2

2025-12-05 07:21:59 +0000 - dagster - DEBUG - mag7_intel_daily_job - f11dc863-9808-4f6d-8fe7-91698d9cb0d0 - 9193 - int_stock_prices_enrich - STEP_OUTPUT - Yielded output "result" of type "Nothing". (Type check passed).
2025-12-05 07:21:59 +0000 - dagster - DEBUG - mag7_intel_daily_job - f11dc863-9808-4f6d-8fe7-91698d9cb0d0 - 9193 - int_stock_prices_enrich - ASSET_MATERIALIZATION - Materialized value int_stock_prices_enrich.
2025-12-05 07:22:00 +0000 - dagster - DEBUG - mag7_intel_daily_job - f11dc863-9808-4f6d-8fe7-91698d9cb0d0 - 9193 - int_stock_prices_enrich - STEP_SUCCESS - Finished execution of step "int_stock_prices_enrich" in 39.79s.
