2025-12-05 00:06:57 +0000 - dagster - DEBUG - mag7_intel_daily_job - 70eac5eb-a4c4-49cf-af84-68e9e74b3728 - 534 - LOGS_CAPTURED - Started capturing logs in process (pid: 534).
2025-12-05 00:06:57 +0000 - dagster - DEBUG - mag7_intel_daily_job - 70eac5eb-a4c4-49cf-af84-68e9e74b3728 - 534 - stg_stock_prices - STEP_START - Started execution of step "stg_stock_prices".
2025-12-05 00:06:57 +0000 - dagster - INFO - mag7_intel_daily_job - 70eac5eb-a4c4-49cf-af84-68e9e74b3728 - stg_stock_prices - Running dbt: stg_stock_prices+
2025-12-05 00:07:20 +0000 - dagster - INFO - mag7_intel_daily_job - 70eac5eb-a4c4-49cf-af84-68e9e74b3728 - stg_stock_prices - [0m00:07:02  Running with dbt=1.10.15
[0m00:07:10  Registered adapter: bigquery=1.10.3
[0m00:07:12  [[33mWARNING[0m]: Configuration paths exist in your dbt_project.yml file which do not apply to any resources.
There are 1 unused configuration paths:
- models.mag7_intel.example
[0m00:07:12  Found 8 models, 2 seeds, 15 data tests, 10 sources, 520 macros
[0m00:07:12  The selection criterion 'stg_stock_prices+' does not match any enabled nodes
[0m00:07:12  
[0m00:07:12  Concurrency: 4 threads (target='dev')
[0m00:07:12  
[0m00:07:13  1 of 1 START sql incremental model mag7_intel_staging.news_headlines ........... [RUN]
[0m00:07:18  1 of 1 OK created sql incremental model mag7_intel_staging.news_headlines ...... [[32mMERGE (0.0 rows, 1.8 MiB processed)[0m in 4.48s]
[0m00:07:18  
[0m00:07:18  Finished running 1 incremental model in 0 hours 0 minutes and 6.01 seconds (6.01s).
[0m00:07:18  
[0m00:07:18  [32mCompleted successfully[0m
[0m00:07:18  
[0m00:07:18  Done. PASS=1 WARN=0 ERROR=0 SKIP=0 NO-OP=0 TOTAL=1

2025-12-05 00:07:20 +0000 - dagster - DEBUG - mag7_intel_daily_job - 70eac5eb-a4c4-49cf-af84-68e9e74b3728 - 534 - stg_stock_prices - STEP_OUTPUT - Yielded output "result" of type "Nothing". (Type check passed).
2025-12-05 00:07:20 +0000 - dagster - DEBUG - mag7_intel_daily_job - 70eac5eb-a4c4-49cf-af84-68e9e74b3728 - 534 - stg_stock_prices - ASSET_MATERIALIZATION - Materialized value stg_stock_prices.
2025-12-05 00:07:21 +0000 - dagster - DEBUG - mag7_intel_daily_job - 70eac5eb-a4c4-49cf-af84-68e9e74b3728 - 534 - stg_stock_prices - STEP_SUCCESS - Finished execution of step "stg_stock_prices" in 23.32s.
