2025-12-05 00:12:50 +0000 - dagster - DEBUG - mag7_intel_daily_job - f58ba027-eb72-48e5-ae52-378c87a6c088 - 3123 - LOGS_CAPTURED - Started capturing logs in process (pid: 3123).
2025-12-05 00:12:50 +0000 - dagster - DEBUG - mag7_intel_daily_job - f58ba027-eb72-48e5-ae52-378c87a6c088 - 3123 - stg_stock_prices - STEP_START - Started execution of step "stg_stock_prices".
2025-12-05 00:12:50 +0000 - dagster - INFO - mag7_intel_daily_job - f58ba027-eb72-48e5-ae52-378c87a6c088 - stg_stock_prices - Running dbt: stg_stock_prices+
2025-12-05 00:13:11 +0000 - dagster - INFO - mag7_intel_daily_job - f58ba027-eb72-48e5-ae52-378c87a6c088 - stg_stock_prices - [0m00:12:53  Running with dbt=1.10.15
[0m00:12:59  Registered adapter: bigquery=1.10.3
[0m00:13:00  [[33mWARNING[0m]: Configuration paths exist in your dbt_project.yml file which do not apply to any resources.
There are 1 unused configuration paths:
- models.mag7_intel.example
[0m00:13:00  Found 8 models, 2 seeds, 15 data tests, 10 sources, 520 macros
[0m00:13:00  The selection criterion 'stg_stock_prices+' does not match any enabled nodes
[0m00:13:00  
[0m00:13:00  Concurrency: 4 threads (target='dev')
[0m00:13:00  
[0m00:13:01  1 of 1 START sql incremental model mag7_intel_staging.news_headlines ........... [RUN]
[0m00:13:08  1 of 1 OK created sql incremental model mag7_intel_staging.news_headlines ...... [[32mMERGE (434.0 rows, 2.1 MiB processed)[0m in 7.02s]
[0m00:13:08  
[0m00:13:08  Finished running 1 incremental model in 0 hours 0 minutes and 8.52 seconds (8.52s).
[0m00:13:08  
[0m00:13:08  [32mCompleted successfully[0m
[0m00:13:08  
[0m00:13:08  Done. PASS=1 WARN=0 ERROR=0 SKIP=0 NO-OP=0 TOTAL=1

2025-12-05 00:13:11 +0000 - dagster - DEBUG - mag7_intel_daily_job - f58ba027-eb72-48e5-ae52-378c87a6c088 - 3123 - stg_stock_prices - STEP_OUTPUT - Yielded output "result" of type "Nothing". (Type check passed).
2025-12-05 00:13:11 +0000 - dagster - DEBUG - mag7_intel_daily_job - f58ba027-eb72-48e5-ae52-378c87a6c088 - 3123 - stg_stock_prices - ASSET_MATERIALIZATION - Materialized value stg_stock_prices.
2025-12-05 00:13:11 +0000 - dagster - DEBUG - mag7_intel_daily_job - f58ba027-eb72-48e5-ae52-378c87a6c088 - 3123 - stg_stock_prices - STEP_SUCCESS - Finished execution of step "stg_stock_prices" in 20.62s.
