2025-12-05 01:39:01 +0000 - dagster - DEBUG - mag7_intel_daily_job - d02bc8bf-e1e0-4fd9-940b-3bf2639bdd3f - 37981 - LOGS_CAPTURED - Started capturing logs in process (pid: 37981).
2025-12-05 01:39:01 +0000 - dagster - DEBUG - mag7_intel_daily_job - d02bc8bf-e1e0-4fd9-940b-3bf2639bdd3f - 37981 - stg_stock_prices - STEP_START - Started execution of step "stg_stock_prices".
2025-12-05 01:39:01 +0000 - dagster - INFO - mag7_intel_daily_job - d02bc8bf-e1e0-4fd9-940b-3bf2639bdd3f - stg_stock_prices - Running dbt: stg_stock_prices+
2025-12-05 01:39:55 +0000 - dagster - INFO - mag7_intel_daily_job - d02bc8bf-e1e0-4fd9-940b-3bf2639bdd3f - stg_stock_prices - [0m01:39:04  Running with dbt=1.10.15
[0m01:39:10  Registered adapter: bigquery=1.10.3
[0m01:39:10  [[33mWARNING[0m]: Configuration paths exist in your dbt_project.yml file which do not apply to any resources.
There are 1 unused configuration paths:
- models.mag7_intel.example
[0m01:39:11  Found 8 models, 2 seeds, 15 data tests, 10 sources, 520 macros
[0m01:39:11  
[0m01:39:11  Concurrency: 4 threads (target='dev')
[0m01:39:11  
[0m01:39:12  1 of 6 START sql incremental model mag7_intel_staging.news_gkg ................. [RUN]
[0m01:39:12  2 of 6 START sql incremental model mag7_intel_staging.news_headlines ........... [RUN]
[0m01:39:12  3 of 6 START sql incremental model mag7_intel_staging.stock_prices_all ......... [RUN]
[0m01:39:17  2 of 6 OK created sql incremental model mag7_intel_staging.news_headlines ...... [[32mMERGE (0.0 rows, 1.9 MiB processed)[0m in 4.58s]
[0m01:39:19  1 of 6 OK created sql incremental model mag7_intel_staging.news_gkg ............ [[32mMERGE (0.0 rows, 310.4 GiB processed)[0m in 6.99s]
[0m01:39:50  3 of 6 OK created sql incremental model mag7_intel_staging.stock_prices_all .... [[32mMERGE (16.4k rows, 3.4 MiB processed)[0m in 38.18s]
[0m01:39:50  4 of 6 START sql view model mag7_intel_staging.stock_prices_index .............. [RUN]
[0m01:39:50  5 of 6 START sql view model mag7_intel_staging.stock_prices_mag7 ............... [RUN]
[0m01:39:50  6 of 6 START sql view model mag7_intel_staging.stock_prices_vix ................ [RUN]
[0m01:39:52  6 of 6 OK created sql view model mag7_intel_staging.stock_prices_vix ........... [[32mCREATE VIEW (0 processed)[0m in 1.38s]
[0m01:39:52  5 of 6 OK created sql view model mag7_intel_staging.stock_prices_mag7 .......... [[32mCREATE VIEW (0 processed)[0m in 1.47s]
[0m01:39:52  4 of 6 OK created sql view model mag7_intel_staging.stock_prices_index ......... [[32mCREATE VIEW (0 processed)[0m in 1.50s]
[0m01:39:52  
[0m01:39:52  Finished running 3 incremental models, 3 view models in 0 hours 0 minutes and 41.14 seconds (41.14s).
[0m01:39:52  
[0m01:39:52  [32mCompleted successfully[0m
[0m01:39:52  
[0m01:39:52  Done. PASS=6 WARN=0 ERROR=0 SKIP=0 NO-OP=0 TOTAL=6

2025-12-05 01:39:55 +0000 - dagster - DEBUG - mag7_intel_daily_job - d02bc8bf-e1e0-4fd9-940b-3bf2639bdd3f - 37981 - stg_stock_prices - STEP_OUTPUT - Yielded output "result" of type "Nothing". (Type check passed).
2025-12-05 01:39:55 +0000 - dagster - DEBUG - mag7_intel_daily_job - d02bc8bf-e1e0-4fd9-940b-3bf2639bdd3f - 37981 - stg_stock_prices - ASSET_MATERIALIZATION - Materialized value stg_stock_prices.
2025-12-05 01:39:55 +0000 - dagster - DEBUG - mag7_intel_daily_job - d02bc8bf-e1e0-4fd9-940b-3bf2639bdd3f - 37981 - stg_stock_prices - STEP_SUCCESS - Finished execution of step "stg_stock_prices" in 53.83s.
