2025-12-04 17:13:18 +0000 - dagster - DEBUG - mag7_intel_daily_job - d60b09e6-7372-43b0-ba5d-a4180dcf1c50 - 43638 - LOGS_CAPTURED - Started capturing logs in process (pid: 43638).
2025-12-04 17:13:18 +0000 - dagster - DEBUG - mag7_intel_daily_job - d60b09e6-7372-43b0-ba5d-a4180dcf1c50 - 43638 - stg_stock_prices - STEP_START - Started execution of step "stg_stock_prices".
2025-12-04 17:13:18 +0000 - dagster - INFO - mag7_intel_daily_job - d60b09e6-7372-43b0-ba5d-a4180dcf1c50 - stg_stock_prices - Running dbt: stg_stock_prices+
2025-12-04 17:13:41 +0000 - dagster - INFO - mag7_intel_daily_job - d60b09e6-7372-43b0-ba5d-a4180dcf1c50 - stg_stock_prices - [0m17:13:21  Running with dbt=1.10.15
[0m17:13:27  Registered adapter: bigquery=1.10.3
[0m17:13:28  [[33mWARNING[0m]: Configuration paths exist in your dbt_project.yml file which do not apply to any resources.
There are 1 unused configuration paths:
- models.mag7_intel.example
[0m17:13:28  Found 7 models, 2 seeds, 15 data tests, 8 sources, 520 macros
[0m17:13:28  The selection criterion 'stg_stock_prices+' does not match any enabled nodes
[0m17:13:28  
[0m17:13:28  Concurrency: 4 threads (target='dev')
[0m17:13:28  
[0m17:13:30  1 of 1 START sql incremental model mag7_intel_staging.news_headlines ........... [RUN]
[0m17:13:38  1 of 1 OK created sql incremental model mag7_intel_staging.news_headlines ...... [[32mMERGE (0.0 rows, 1.8 MiB processed)[0m in 8.20s]
[0m17:13:38  
[0m17:13:38  Finished running 1 incremental model in 0 hours 0 minutes and 9.70 seconds (9.70s).
[0m17:13:38  
[0m17:13:38  [32mCompleted successfully[0m
[0m17:13:38  
[0m17:13:38  Done. PASS=1 WARN=0 ERROR=0 SKIP=0 NO-OP=0 TOTAL=1

2025-12-04 17:13:41 +0000 - dagster - DEBUG - mag7_intel_daily_job - d60b09e6-7372-43b0-ba5d-a4180dcf1c50 - 43638 - stg_stock_prices - STEP_OUTPUT - Yielded output "result" of type "Nothing". (Type check passed).
2025-12-04 17:13:41 +0000 - dagster - DEBUG - mag7_intel_daily_job - d60b09e6-7372-43b0-ba5d-a4180dcf1c50 - 43638 - stg_stock_prices - ASSET_MATERIALIZATION - Materialized value stg_stock_prices.
2025-12-04 17:13:41 +0000 - dagster - DEBUG - mag7_intel_daily_job - d60b09e6-7372-43b0-ba5d-a4180dcf1c50 - 43638 - stg_stock_prices - STEP_SUCCESS - Finished execution of step "stg_stock_prices" in 22.54s.
